TN:
SF:src\__mock__\localStorage.js
FN:2,(anonymous_0)
FN:6,(anonymous_1)
FN:8,(anonymous_2)
FN:12,(anonymous_3)
FNF:4
FNH:2
FNDA:1,(anonymous_0)
FNDA:0,(anonymous_1)
FNDA:1,(anonymous_2)
FNDA:0,(anonymous_3)
DA:3,1
DA:6,1
DA:8,1
DA:9,1
DA:12,1
DA:13,0
DA:17,1
DA:19,1
LF:8
LH:7
BRF:0
BRH:0
end_of_record
TN:
SF:src\__mock__\todoListData.js
FN:4,(anonymous_0)
FN:9,(anonymous_1)
FN:16,(anonymous_2)
FN:20,(anonymous_3)
FN:21,(anonymous_4)
FN:25,(anonymous_5)
FNF:6
FNH:6
FNDA:3,(anonymous_0)
FNDA:1,(anonymous_1)
FNDA:1,(anonymous_2)
FNDA:1,(anonymous_3)
FNDA:3,(anonymous_4)
FNDA:1,(anonymous_5)
DA:1,1
DA:5,3
DA:6,3
DA:9,3
DA:10,1
DA:11,1
DA:12,1
DA:13,1
DA:16,3
DA:17,1
DA:20,3
DA:21,3
DA:22,1
DA:25,3
DA:26,1
DA:30,1
LF:16
LH:16
BRF:0
BRH:0
end_of_record
